[15:05:17] [Thread-3/INFO] [LaunchWrapper]: Loading tweak class name net.minecraftforge.fml.common.launcher.FMLTweaker
[15:05:17] [Thread-3/INFO] [LaunchWrapper]: Using primary tweak class name net.minecraftforge.fml.common.launcher.FMLTweaker
[15:05:17] [Thread-3/INFO] [LaunchWrapper]: Calling tweak class net.minecraftforge.fml.common.launcher.FMLTweaker
[15:13:01] [Thread-3/INFO] [LaunchWrapper]: Loading tweak class name net.minecraftforge.fml.common.launcher.FMLTweaker
[15:13:01] [Thread-3/INFO] [LaunchWrapper]: Using primary tweak class name net.minecraftforge.fml.common.launcher.FMLTweaker
[15:13:01] [Thread-3/INFO] [LaunchWrapper]: Calling tweak class net.minecraftforge.fml.common.launcher.FMLTweaker
[15:16:08] [Thread-3/INFO] [LaunchWrapper]: Loading tweak class name net.minecraftforge.fml.common.launcher.FMLTweaker
[15:16:08] [Thread-3/INFO] [LaunchWrapper]: Using primary tweak class name net.minecraftforge.fml.common.launcher.FMLTweaker
[15:16:08] [Thread-3/INFO] [LaunchWrapper]: Calling tweak class net.minecraftforge.fml.common.launcher.FMLTweaker
[15:54:56] [Thread-3/INFO] [LaunchWrapper]: Loading tweak class name net.minecraftforge.fml.common.launcher.FMLTweaker
[15:54:56] [Thread-3/INFO] [LaunchWrapper]: Using primary tweak class name net.minecraftforge.fml.common.launcher.FMLTweaker
[15:54:56] [Thread-3/INFO] [LaunchWrapper]: Calling tweak class net.minecraftforge.fml.common.launcher.FMLTweaker
[16:14:05] [Thread-3/INFO] [LaunchWrapper]: Loading tweak class name net.minecraftforge.fml.common.launcher.FMLTweaker
[16:14:05] [Thread-3/INFO] [LaunchWrapper]: Using primary tweak class name net.minecraftforge.fml.common.launcher.FMLTweaker
[16:14:05] [Thread-3/INFO] [LaunchWrapper]: Calling tweak class net.minecraftforge.fml.common.launcher.FMLTweaker
[16:16:35] [Thread-3/INFO] [LaunchWrapper]: Loading tweak class name net.minecraftforge.fml.common.launcher.FMLTweaker
[16:16:35] [Thread-3/INFO] [LaunchWrapper]: Using primary tweak class name net.minecraftforge.fml.common.launcher.FMLTweaker
[16:16:35] [Thread-3/INFO] [LaunchWrapper]: Calling tweak class net.minecraftforge.fml.common.launcher.FMLTweaker
[16:39:55] [Thread-3/INFO] [LaunchWrapper]: Loading tweak class name net.minecraftforge.fml.common.launcher.FMLTweaker
[16:39:55] [Thread-3/INFO] [LaunchWrapper]: Using primary tweak class name net.minecraftforge.fml.common.launcher.FMLTweaker
[16:39:55] [Thread-3/INFO] [LaunchWrapper]: Calling tweak class net.minecraftforge.fml.common.launcher.FMLTweaker
[16:41:56] [Thread-3/INFO] [LaunchWrapper]: Loading tweak class name net.minecraftforge.fml.common.launcher.FMLTweaker
[16:41:56] [Thread-3/INFO] [LaunchWrapper]: Using primary tweak class name net.minecraftforge.fml.common.launcher.FMLTweaker
[16:41:56] [Thread-3/INFO] [LaunchWrapper]: Calling tweak class net.minecraftforge.fml.common.launcher.FMLTweaker
[16:44:22] [Client thread/INFO] [bcx]: Setting user: WarzouMc
[16:44:22] [Client thread/DEBUG] [bcx]: (Session ID is token:ea98d4b24e584deeb9dbc3931dedc1ae:53fd74dbc0dc4f17865b4d2a604b822f)
[16:44:23] [Client thread/INFO] [bcx]: LWJGL Version: 2.9.1
[16:44:23] [Client thread/INFO] [bxi]: Reloading ResourceManager: Default
[16:45:10] [Sound Library Loader/INFO] [bzu]: Starting up SoundSystem...
[16:45:10] [Thread-8/INFO] [bzu]: Initializing LWJGL OpenAL
[16:45:10] [Thread-8/INFO] [bzu]: (The LWJGL binding of OpenAL.  For more information, see http://www.lwjgl.org)
[16:45:11] [Thread-8/INFO] [bzu]: OpenAL initialized.
[16:45:11] [Sound Library Loader/INFO] [bzu]: Sound engine started
[16:45:13] [Client thread/INFO] [bwd]: Created: 1024x512 textures-atlas
[16:48:36] [Client thread/INFO] [bcx]: Setting user: WarzouMc
[16:48:36] [Client thread/DEBUG] [bcx]: (Session ID is token:628f1e35eaa94925950b5ee8410ae3ea:53fd74dbc0dc4f17865b4d2a604b822f)
[16:48:37] [Client thread/INFO] [bcx]: LWJGL Version: 2.9.1
[16:48:37] [Client thread/INFO] [bxi]: Reloading ResourceManager: Default
[16:48:38] [Sound Library Loader/INFO] [bzu]: Starting up SoundSystem...
[16:48:38] [Thread-8/INFO] [bzu]: Initializing LWJGL OpenAL
[16:48:38] [Thread-8/INFO] [bzu]: (The LWJGL binding of OpenAL.  For more information, see http://www.lwjgl.org)
[16:48:39] [Thread-8/INFO] [bzu]: OpenAL initialized.
[16:48:39] [Sound Library Loader/INFO] [bzu]: Sound engine started
[16:48:40] [Client thread/INFO] [bwd]: Created: 1024x512 textures-atlas
[16:49:55] [Client thread/INFO] [bcx]: Setting user: WarzouMc
[16:49:55] [Client thread/DEBUG] [bcx]: (Session ID is token:784b3ddd3c5a4abbbc6b24ae0f32c265:53fd74dbc0dc4f17865b4d2a604b822f)
[16:49:56] [Client thread/INFO] [bcx]: LWJGL Version: 2.9.1
[16:49:56] [Client thread/INFO] [bxi]: Reloading ResourceManager: Default
[16:49:57] [Sound Library Loader/INFO] [bzu]: Starting up SoundSystem...
[16:49:57] [Thread-8/INFO] [bzu]: Initializing LWJGL OpenAL
[16:49:57] [Thread-8/INFO] [bzu]: (The LWJGL binding of OpenAL.  For more information, see http://www.lwjgl.org)
[16:49:57] [Thread-8/INFO] [bzu]: OpenAL initialized.
[16:49:58] [Sound Library Loader/INFO] [bzu]: Sound engine started
[16:49:59] [Client thread/INFO] [bwd]: Created: 1024x512 textures-atlas
[17:30:24] [Thread-3/INFO] [LaunchWrapper]: Loading tweak class name net.minecraftforge.fml.common.launcher.FMLTweaker
[17:30:24] [Thread-3/ERROR] [LaunchWrapper]: Unable to launch
java.lang.ClassNotFoundException: net.minecraftforge.fml.common.launcher.FMLTweaker
	at java.net.URLClassLoader.findClass(Unknown Source) ~[?:1.8.0_161]
	at java.lang.ClassLoader.loadClass(Unknown Source) ~[?:1.8.0_161]
	at sun.misc.Launcher$AppClassLoader.loadClass(Unknown Source) ~[?:1.8.0_161]
	at java.lang.ClassLoader.loadClass(Unknown Source) ~[?:1.8.0_161]
	at net.minecraft.launchwrapper.LaunchClassLoader.findClass(LaunchClassLoader.java:106) ~[launchwrapper-1.12.jar:?]
	at java.lang.ClassLoader.loadClass(Unknown Source) ~[?:1.8.0_161]
	at java.lang.ClassLoader.loadClass(Unknown Source) ~[?:1.8.0_161]
	at java.lang.Class.forName0(Native Method) ~[?:1.8.0_161]
	at java.lang.Class.forName(Unknown Source) ~[?:1.8.0_161]
	at net.minecraft.launchwrapper.Launch.launch(Launch.java:98) [launchwrapper-1.12.jar:?]
	at net.minecraft.launchwrapper.Launch.main(Launch.java:28) [launchwrapper-1.12.jar:?]
	at sun.reflect.NativeMethodAccessorImpl.invoke0(Native Method) ~[?:1.8.0_161]
	at sun.reflect.NativeMethodAccessorImpl.invoke(Unknown Source) ~[?:1.8.0_161]
	at sun.reflect.DelegatingMethodAccessorImpl.invoke(Unknown Source) ~[?:1.8.0_161]
	at java.lang.reflect.Method.invoke(Unknown Source) ~[?:1.8.0_161]
	at fr.theshark34.openlauncherlib.internal.InternalLauncher.launch(InternalLauncher.java:173) [openlauncherlib-3.0.4.jar:?]
	at fr.shiwanMc.LauncherServGroup.Launcher.launch(Launcher.java:84) [bin/:?]
	at fr.shiwanMc.LauncherServGroup.LauncherPanel$1.run(LauncherPanel.java:126) [bin/:?]
[17:36:57] [Thread-3/INFO] [LaunchWrapper]: Loading tweak class name cpw.mods.fml.common.launcher.FMLTweaker
[17:36:57] [Thread-3/INFO] [LaunchWrapper]: Using primary tweak class name cpw.mods.fml.common.launcher.FMLTweaker
[17:36:57] [Thread-3/INFO] [LaunchWrapper]: Calling tweak class cpw.mods.fml.common.launcher.FMLTweaker
[17:40:08] [Thread-3/INFO] [LaunchWrapper]: Loading tweak class name cpw.mods.fml.common.launcher.FMLTweaker
[17:40:08] [Thread-3/INFO] [LaunchWrapper]: Using primary tweak class name cpw.mods.fml.common.launcher.FMLTweaker
[17:40:08] [Thread-3/INFO] [LaunchWrapper]: Calling tweak class cpw.mods.fml.common.launcher.FMLTweaker
[17:42:56] [Thread-3/INFO] [LaunchWrapper]: Loading tweak class name cpw.mods.fml.common.launcher.FMLTweaker
[17:42:56] [Thread-3/INFO] [LaunchWrapper]: Using primary tweak class name cpw.mods.fml.common.launcher.FMLTweaker
[17:42:56] [Thread-3/INFO] [LaunchWrapper]: Calling tweak class cpw.mods.fml.common.launcher.FMLTweaker
[17:45:54] [Thread-3/INFO] [LaunchWrapper]: Loading tweak class name cpw.mods.fml.common.launcher.FMLTweaker
[17:45:54] [Thread-3/INFO] [LaunchWrapper]: Using primary tweak class name cpw.mods.fml.common.launcher.FMLTweaker
[17:45:54] [Thread-3/INFO] [LaunchWrapper]: Calling tweak class cpw.mods.fml.common.launcher.FMLTweaker
[17:50:42] [Thread-3/INFO] [LaunchWrapper]: Loading tweak class name cpw.mods.fml.common.launcher.FMLTweaker
[17:50:42] [Thread-3/INFO] [LaunchWrapper]: Using primary tweak class name cpw.mods.fml.common.launcher.FMLTweaker
[17:50:42] [Thread-3/INFO] [LaunchWrapper]: Calling tweak class cpw.mods.fml.common.launcher.FMLTweaker
[17:55:23] [Thread-3/INFO] [LaunchWrapper]: Loading tweak class name cpw.mods.fml.common.launcher.FMLTweaker
[17:55:23] [Thread-3/INFO] [LaunchWrapper]: Using primary tweak class name cpw.mods.fml.common.launcher.FMLTweaker
[17:55:23] [Thread-3/INFO] [LaunchWrapper]: Calling tweak class cpw.mods.fml.common.launcher.FMLTweaker
[18:16:58] [Thread-3/INFO] [LaunchWrapper]: Loading tweak class name cpw.mods.fml.common.launcher.FMLTweaker
[18:16:58] [Thread-3/INFO] [LaunchWrapper]: Using primary tweak class name cpw.mods.fml.common.launcher.FMLTweaker
[18:16:58] [Thread-3/INFO] [LaunchWrapper]: Calling tweak class cpw.mods.fml.common.launcher.FMLTweaker
[18:21:36] [Thread-3/INFO] [LaunchWrapper]: Loading tweak class name cpw.mods.fml.common.launcher.FMLTweaker
[18:21:36] [Thread-3/INFO] [LaunchWrapper]: Using primary tweak class name cpw.mods.fml.common.launcher.FMLTweaker
[18:21:36] [Thread-3/INFO] [LaunchWrapper]: Calling tweak class cpw.mods.fml.common.launcher.FMLTweaker
[18:27:01] [Thread-3/INFO] [LaunchWrapper]: Loading tweak class name cpw.mods.fml.common.launcher.FMLTweaker
[18:27:01] [Thread-3/INFO] [LaunchWrapper]: Using primary tweak class name cpw.mods.fml.common.launcher.FMLTweaker
[18:27:01] [Thread-3/INFO] [LaunchWrapper]: Calling tweak class cpw.mods.fml.common.launcher.FMLTweaker
[18:27:56] [Thread-3/INFO] [LaunchWrapper]: Loading tweak class name cpw.mods.fml.common.launcher.FMLTweaker
[18:27:56] [Thread-3/INFO] [LaunchWrapper]: Using primary tweak class name cpw.mods.fml.common.launcher.FMLTweaker
[18:27:56] [Thread-3/INFO] [LaunchWrapper]: Calling tweak class cpw.mods.fml.common.launcher.FMLTweaker
[18:33:53] [Thread-3/INFO] [LaunchWrapper]: Loading tweak class name cpw.mods.fml.common.launcher.FMLTweaker
[18:33:53] [Thread-3/INFO] [LaunchWrapper]: Using primary tweak class name cpw.mods.fml.common.launcher.FMLTweaker
[18:33:53] [Thread-3/INFO] [LaunchWrapper]: Calling tweak class cpw.mods.fml.common.launcher.FMLTweaker
[18:35:46] [Thread-3/INFO] [LaunchWrapper]: Loading tweak class name cpw.mods.fml.common.launcher.FMLTweaker
[18:35:46] [Thread-3/INFO] [LaunchWrapper]: Using primary tweak class name cpw.mods.fml.common.launcher.FMLTweaker
[18:35:46] [Thread-3/INFO] [LaunchWrapper]: Calling tweak class cpw.mods.fml.common.launcher.FMLTweaker
[18:45:35] [Thread-3/INFO] [LaunchWrapper]: Loading tweak class name cpw.mods.fml.common.launcher.FMLTweaker
[18:45:35] [Thread-3/INFO] [LaunchWrapper]: Using primary tweak class name cpw.mods.fml.common.launcher.FMLTweaker
[18:45:35] [Thread-3/INFO] [LaunchWrapper]: Calling tweak class cpw.mods.fml.common.launcher.FMLTweaker
[18:47:21] [Thread-3/INFO] [LaunchWrapper]: Loading tweak class name cpw.mods.fml.common.launcher.FMLTweaker
[18:47:21] [Thread-3/INFO] [LaunchWrapper]: Using primary tweak class name cpw.mods.fml.common.launcher.FMLTweaker
[18:47:21] [Thread-3/INFO] [LaunchWrapper]: Calling tweak class cpw.mods.fml.common.launcher.FMLTweaker
[19:00:58] [Thread-3/INFO] [LaunchWrapper]: Loading tweak class name cpw.mods.fml.common.launcher.FMLTweaker
[19:00:58] [Thread-3/INFO] [LaunchWrapper]: Using primary tweak class name cpw.mods.fml.common.launcher.FMLTweaker
[19:00:58] [Thread-3/INFO] [LaunchWrapper]: Calling tweak class cpw.mods.fml.common.launcher.FMLTweaker
[19:05:56] [Thread-3/INFO] [LaunchWrapper]: Loading tweak class name cpw.mods.fml.common.launcher.FMLTweaker
[19:05:56] [Thread-3/INFO] [LaunchWrapper]: Using primary tweak class name cpw.mods.fml.common.launcher.FMLTweaker
[19:05:56] [Thread-3/INFO] [LaunchWrapper]: Calling tweak class cpw.mods.fml.common.launcher.FMLTweaker
[19:06:59] [Thread-3/INFO] [LaunchWrapper]: Loading tweak class name cpw.mods.fml.common.launcher.FMLTweaker
[19:06:59] [Thread-3/INFO] [LaunchWrapper]: Using primary tweak class name cpw.mods.fml.common.launcher.FMLTweaker
[19:06:59] [Thread-3/INFO] [LaunchWrapper]: Calling tweak class cpw.mods.fml.common.launcher.FMLTweaker
[19:07:47] [Thread-3/INFO] [bao]: Setting user: WarzouMc
[19:07:47] [Thread-3/INFO] [bao]: (Session ID is token:e5f96f40b85743b89b095a71ac42e35f:53fd74dbc0dc4f17865b4d2a604b822f)
[19:07:48] [Client thread/INFO] [bao]: LWJGL Version: 2.9.1
[19:07:48] [Client thread/INFO] [brg]: Reloading ResourceManager: Default
[19:07:49] [Client thread/INFO] [bpz]: Created: 512x256 textures/blocks-atlas
[19:07:49] [Sound Library Loader/INFO] [btj]: Sound engine started
[19:07:49] [Client thread/INFO] [bpz]: Created: 256x256 textures/items-atlas
[19:07:50] [Client thread/WARN] [btj]: Unable to play unknown soundEvent: minecraft:gui.button.press
[19:07:51] [Client thread/WARN] [btj]: Unable to play unknown soundEvent: minecraft:gui.button.press
[19:07:54] [Client thread/WARN] [btj]: Unable to play unknown soundEvent: minecraft:music.menu
[19:08:09] [Client thread/WARN] [btj]: Unable to play unknown soundEvent: minecraft:music.menu
[19:08:09] [Client thread/WARN] [btj]: Unable to play unknown soundEvent: minecraft:gui.button.press
[19:08:09] [Client thread/DEBUG] [buo]: Shutdown streaming
[19:08:09] [Client thread/INFO] [bao]: Stopping!
[19:13:17] [Thread-3/INFO] [bao]: Setting user: WarzouMc
[19:13:17] [Thread-3/INFO] [bao]: (Session ID is token:76d182c978324c0da078bb4df096b2b0:53fd74dbc0dc4f17865b4d2a604b822f)
[19:13:18] [Client thread/INFO] [bao]: LWJGL Version: 2.9.1
[19:13:18] [Client thread/INFO] [brg]: Reloading ResourceManager: Default
[19:13:18] [Client thread/INFO] [bpz]: Created: 512x256 textures/blocks-atlas
[19:13:19] [Sound Library Loader/INFO] [btj]: Sound engine started
[19:13:19] [Client thread/INFO] [bpz]: Created: 256x256 textures/items-atlas
[19:13:21] [Client thread/WARN] [btj]: Unable to play unknown soundEvent: minecraft:gui.button.press
[19:13:23] [Client thread/WARN] [btj]: Unable to play unknown soundEvent: minecraft:gui.button.press
[19:13:24] [Client thread/WARN] [btj]: Unable to play unknown soundEvent: minecraft:music.menu
[19:13:25] [Client thread/WARN] [btj]: Unable to play unknown soundEvent: minecraft:gui.button.press
[19:13:26] [Client thread/WARN] [btj]: Unable to play unknown soundEvent: minecraft:gui.button.press
[19:13:26] [Client thread/WARN] [btj]: Unable to play unknown soundEvent: minecraft:music.menu
[19:13:30] [Client thread/WARN] [btj]: Unable to play unknown soundEvent: minecraft:gui.button.press
[19:13:30] [Client thread/INFO] [brg]: Reloading ResourceManager: Default
[19:13:30] [Client thread/INFO] [bpz]: Created: 512x256 textures/blocks-atlas
[19:13:30] [Client thread/INFO] [bpz]: Created: 256x256 textures/items-atlas
[19:13:31] [Sound Library Loader/INFO] [btj]: Sound engine started
[19:13:32] [Client thread/WARN] [btj]: Unable to play unknown soundEvent: minecraft:music.menu
[19:13:34] [Client thread/WARN] [btj]: Unable to play unknown soundEvent: minecraft:gui.button.press
[19:13:35] [Client thread/WARN] [btj]: Unable to play unknown soundEvent: minecraft:gui.button.press
[19:13:35] [Client thread/INFO] [brg]: Reloading ResourceManager: Default
[19:13:35] [Client thread/INFO] [bpz]: Created: 512x256 textures/blocks-atlas
[19:13:36] [Client thread/INFO] [bpz]: Created: 256x256 textures/items-atlas
[19:13:36] [Sound Library Loader/INFO] [btj]: Sound engine started
[19:13:37] [Client thread/WARN] [btj]: Unable to play unknown soundEvent: minecraft:gui.button.press
[19:13:38] [Client thread/WARN] [btj]: Unable to play unknown soundEvent: minecraft:gui.button.press
[19:13:39] [Server thread/INFO] [bsx]: Starting integrated minecraft server version 1.7.10
[19:13:39] [Server thread/INFO] [bsx]: Generating keypair
[19:13:40] [Server thread/INFO] [bsx]: Changing view distance to 12, from 10
[19:13:40] [Netty IO #1/DEBUG] [ej]: Set listener of ej@1b23ada5 to na@36e341af
[19:13:40] [Netty IO #1/DEBUG] [ej]: Enabled auto read
[19:13:40] [Netty Client IO #0/DEBUG] [ej]: Enabled auto read
[19:13:40] [Client thread/DEBUG] [ej]: Set listener of ej@1166a97 to biz@128f0ed4
[19:13:40] [Netty IO #1/DEBUG] [ej]: Enabled auto read
[19:13:40] [Client thread/DEBUG] [ej]: Disabled auto read
[19:13:40] [Netty Client IO #0/DEBUG] [ej]: Enabled auto read
[19:13:40] [Server thread/DEBUG] [ej]: Set listener of ej@1b23ada5 to nn@7ef1d6b8
[19:13:40] [Netty Client IO #0/DEBUG] [ej]: Enabled auto read
[19:13:40] [Server thread/DEBUG] [oi]: loading single player
[19:13:40] [Server thread/INFO] [oi]: WarzouMc[local:E:c6f0a773] logged in with entity id 285 at (47.19346086865716, 81.27882464665369, 237.85625221914998)
[19:13:40] [Server thread/DEBUG] [ej]: Set listener of ej@1b23ada5 to nh@c68e032
[19:13:40] [Server thread/DEBUG] [ej]: Disabled auto read
[19:13:40] [Server thread/DEBUG] [ej]: Disabled auto read
[19:13:40] [Netty IO #1/DEBUG] [ej]: Enabled auto read
[19:13:40] [Netty IO #1/DEBUG] [ej]: Enabled auto read
[19:13:40] [Client thread/DEBUG] [biz]: Switching protocol from LOGIN to PLAY
[19:13:40] [Client thread/DEBUG] [ej]: Set listener of ej@1166a97 to bjb@35e4798f
[19:13:41] [Client thread/DEBUG] [bpr]: Loading http texture from local cache (C:\Users\asus\AppData\Roaming\.minecraft\Mon Pack\minecraft\assets\skins\a9\a9a1accee33e1b32e3b3a263ade0c3f414347ac5003c76e5198232334a67f1b2)
[19:13:42] [Client thread/WARN] [btj]: Unable to play unknown soundEvent: minecraft:music.game.creative
[19:13:42] [Client thread/WARN] [btj]: Unable to play unknown soundEvent: minecraft:dig.grass
[19:13:42] [Client thread/WARN] [btj]: Unable to play unknown soundEvent: minecraft:dig.grass
[19:13:42] [Client thread/WARN] [btj]: Unable to play unknown soundEvent: minecraft:dig.grass
[19:13:43] [Client thread/WARN] [btj]: Unable to play unknown soundEvent: minecraft:dig.grass
[19:13:43] [Client thread/WARN] [btj]: Unable to play unknown soundEvent: minecraft:dig.grass
[19:13:43] [Client thread/WARN] [btj]: Unable to play unknown soundEvent: minecraft:dig.grass
[19:13:43] [Client thread/WARN] [btj]: Unable to play unknown soundEvent: minecraft:dig.grass
[19:13:43] [Client thread/WARN] [btj]: Unable to play unknown soundEvent: minecraft:dig.grass
[19:13:43] [Client thread/WARN] [btj]: Unable to play unknown soundEvent: minecraft:dig.gravel
[19:13:44] [Client thread/WARN] [btj]: Unable to play unknown soundEvent: minecraft:dig.grass
[19:13:44] [Client thread/WARN] [btj]: Unable to play unknown soundEvent: minecraft:dig.grass
[19:13:44] [Client thread/WARN] [btj]: Unable to play unknown soundEvent: minecraft:dig.gravel
[19:13:44] [Client thread/WARN] [btj]: Unable to play unknown soundEvent: minecraft:dig.gravel
[19:13:45] [Client thread/WARN] [btj]: Unable to play unknown soundEvent: minecraft:step.grass
[19:13:46] [Client thread/WARN] [btj]: Unable to play unknown soundEvent: minecraft:step.grass
[19:13:46] [Client thread/WARN] [btj]: Unable to play unknown soundEvent: minecraft:dig.grass
[19:13:46] [Client thread/INFO] [bcc]: [CHAT] WarzouMc has just earned the achievement [Taking Inventory]
[19:13:48] [Client thread/WARN] [btj]: Unable to play unknown soundEvent: minecraft:mob.sheep.step
[19:13:49] [Client thread/WARN] [btj]: Unable to play unknown soundEvent: minecraft:dig.grass
[19:13:49] [Client thread/WARN] [btj]: Unable to play unknown soundEvent: minecraft:dig.grass
[19:13:49] [Client thread/WARN] [btj]: Unable to play unknown soundEvent: minecraft:mob.sheep.step
[19:13:50] [Client thread/WARN] [btj]: Unable to play unknown soundEvent: minecraft:dig.grass
[19:13:50] [Client thread/WARN] [btj]: Unable to play unknown soundEvent: minecraft:mob.sheep.say
[19:13:51] [Client thread/WARN] [btj]: Unable to play unknown soundEvent: minecraft:step.grass
[19:13:51] [Client thread/WARN] [btj]: Unable to play unknown soundEvent: minecraft:step.grass
[19:13:51] [Client thread/WARN] [btj]: Unable to play unknown soundEvent: minecraft:step.grass
[19:13:52] [Client thread/WARN] [btj]: Unable to play unknown soundEvent: minecraft:step.grass
[19:13:52] [Client thread/WARN] [btj]: Unable to play unknown soundEvent: minecraft:mob.sheep.step
[19:13:53] [Client thread/WARN] [btj]: Unable to play unknown soundEvent: minecraft:step.grass
[19:13:53] [Client thread/WARN] [btj]: Unable to play unknown soundEvent: minecraft:dig.grass
[19:13:53] [Client thread/WARN] [btj]: Unable to play unknown soundEvent: minecraft:dig.grass
[19:13:53] [Client thread/WARN] [btj]: Unable to play unknown soundEvent: minecraft:step.grass
[19:13:53] [Client thread/WARN] [btj]: Unable to play unknown soundEvent: minecraft:dig.grass
[19:13:53] [Client thread/WARN] [btj]: Unable to play unknown soundEvent: minecraft:dig.grass
[19:13:53] [Client thread/WARN] [btj]: Unable to play unknown soundEvent: minecraft:dig.grass
[19:13:54] [Client thread/WARN] [btj]: Unable to play unknown soundEvent: minecraft:mob.sheep.step
[19:13:54] [Client thread/WARN] [btj]: Unable to play unknown soundEvent: minecraft:dig.grass
[19:13:54] [Client thread/WARN] [btj]: Unable to play unknown soundEvent: minecraft:step.grass
[19:13:54] [Client thread/WARN] [btj]: Unable to play unknown soundEvent: minecraft:dig.grass
[19:13:54] [Client thread/WARN] [btj]: Unable to play unknown soundEvent: minecraft:dig.grass
[19:13:54] [Client thread/WARN] [btj]: Unable to play unknown soundEvent: minecraft:dig.grass
[19:13:54] [Client thread/WARN] [btj]: Unable to play unknown soundEvent: minecraft:step.grass
[19:13:54] [Client thread/WARN] [btj]: Unable to play unknown soundEvent: minecraft:dig.gravel
[19:13:55] [Client thread/WARN] [btj]: Unable to play unknown soundEvent: minecraft:dig.grass
[19:13:55] [Client thread/WARN] [btj]: Unable to play unknown soundEvent: minecraft:step.grass
[19:13:55] [Client thread/WARN] [btj]: Unable to play unknown soundEvent: minecraft:dig.grass
[19:13:55] [Client thread/WARN] [btj]: Unable to play unknown soundEvent: minecraft:dig.grass
[19:13:55] [Client thread/WARN] [btj]: Unable to play unknown soundEvent: minecraft:step.gravel
[19:13:56] [Client thread/WARN] [btj]: Unable to play unknown soundEvent: minecraft:mob.sheep.step
[19:13:56] [Server thread/INFO] [bsx]: Saving and pausing game...
[19:13:57] [Client thread/WARN] [btj]: Unable to play unknown soundEvent: minecraft:gui.button.press
[19:13:57] [Client thread/WARN] [btj]: Unable to play unknown soundEvent: minecraft:gui.button.press
[19:13:59] [Client thread/WARN] [btj]: Unable to play unknown soundEvent: minecraft:gui.button.press
[19:13:59] [Client thread/INFO] [brg]: Reloading ResourceManager: Default, §4Paladium Pack §8[x32] §4V5.5      §1par Infrahinium.zip
[19:13:59] [Client thread/INFO] [bpz]: Created: 1024x1024 textures/blocks-atlas
[19:13:59] [Client thread/DEBUG] [bpr]: Loading http texture from local cache (C:\Users\asus\AppData\Roaming\.minecraft\Mon Pack\minecraft\assets\skins\a9\a9a1accee33e1b32e3b3a263ade0c3f414347ac5003c76e5198232334a67f1b2)
[19:14:00] [Client thread/INFO] [bpz]: Created: 1024x512 textures/items-atlas
[19:14:01] [Sound Library Loader/INFO] [btj]: Sound engine started
[19:14:02] [Client thread/WARN] [btj]: Unable to play unknown soundEvent: minecraft:gui.button.press
[19:14:02] [Client thread/WARN] [btj]: Unable to play unknown soundEvent: minecraft:dig.grass
[19:14:02] [Client thread/WARN] [btj]: Unable to play unknown soundEvent: minecraft:dig.grass
[19:14:03] [Client thread/WARN] [btj]: Unable to play unknown soundEvent: minecraft:dig.grass
[19:14:03] [Client thread/WARN] [btj]: Unable to play unknown soundEvent: minecraft:mob.sheep.say
[19:14:03] [Client thread/WARN] [btj]: Unable to play unknown soundEvent: minecraft:dig.grass
[19:14:03] [Client thread/WARN] [btj]: Unable to play unknown soundEvent: minecraft:dig.grass
[19:14:03] [Client thread/WARN] [btj]: Unable to play unknown soundEvent: minecraft:mob.sheep.say
[19:14:03] [Client thread/WARN] [btj]: Unable to play unknown soundEvent: minecraft:dig.grass
[19:14:03] [Client thread/WARN] [btj]: Unable to play unknown soundEvent: minecraft:dig.grass
[19:14:04] [Client thread/WARN] [btj]: Unable to play unknown soundEvent: minecraft:mob.sheep.step
[19:14:04] [Client thread/WARN] [btj]: Unable to play unknown soundEvent: minecraft:dig.grass
[19:14:04] [Client thread/WARN] [btj]: Unable to play unknown soundEvent: minecraft:dig.grass
[19:14:04] [Client thread/WARN] [btj]: Unable to play unknown soundEvent: minecraft:dig.grass
[19:14:04] [Client thread/WARN] [btj]: Unable to play unknown soundEvent: minecraft:mob.sheep.say
[19:14:04] [Client thread/WARN] [btj]: Unable to play unknown soundEvent: minecraft:dig.grass
[19:14:04] [Client thread/WARN] [btj]: Unable to play unknown soundEvent: minecraft:mob.sheep.step
[19:14:04] [Client thread/WARN] [btj]: Unable to play unknown soundEvent: minecraft:dig.grass
[19:14:04] [Client thread/WARN] [btj]: Unable to play unknown soundEvent: minecraft:step.gravel
[19:14:05] [Client thread/WARN] [btj]: Unable to play unknown soundEvent: minecraft:dig.grass
[19:14:05] [Client thread/WARN] [btj]: Unable to play unknown soundEvent: minecraft:step.grass
[19:14:05] [Client thread/WARN] [btj]: Unable to play unknown soundEvent: minecraft:dig.grass
[19:14:05] [Client thread/WARN] [btj]: Unable to play unknown soundEvent: minecraft:step.grass
[19:14:05] [Client thread/WARN] [btj]: Unable to play unknown soundEvent: minecraft:mob.sheep.step
[19:14:05] [Client thread/WARN] [btj]: Unable to play unknown soundEvent: minecraft:dig.grass
[19:14:05] [Client thread/WARN] [btj]: Unable to play unknown soundEvent: minecraft:dig.grass
[19:14:05] [Client thread/WARN] [btj]: Unable to play unknown soundEvent: minecraft:dig.grass
[19:14:06] [Client thread/WARN] [btj]: Unable to play unknown soundEvent: minecraft:dig.grass
[19:14:06] [Client thread/WARN] [btj]: Unable to play unknown soundEvent: minecraft:mob.sheep.step
[19:14:06] [Client thread/WARN] [btj]: Unable to play unknown soundEvent: minecraft:dig.grass
[19:14:06] [Client thread/WARN] [btj]: Unable to play unknown soundEvent: minecraft:dig.grass
[19:14:07] [Client thread/WARN] [btj]: Unable to play unknown soundEvent: minecraft:mob.sheep.step
[19:14:07] [Client thread/WARN] [btj]: Unable to play unknown soundEvent: minecraft:dig.grass
[19:14:07] [Client thread/WARN] [btj]: Unable to play unknown soundEvent: minecraft:step.grass
[19:14:07] [Client thread/WARN] [btj]: Unable to play unknown soundEvent: minecraft:mob.sheep.step
[19:14:08] [Client thread/WARN] [btj]: Unable to play unknown soundEvent: minecraft:step.grass
[19:14:09] [Client thread/WARN] [btj]: Unable to play unknown soundEvent: minecraft:step.grass
[19:14:10] [Client thread/WARN] [btj]: Unable to play unknown soundEvent: minecraft:dig.grass
[19:14:10] [Client thread/WARN] [btj]: Unable to play unknown soundEvent: minecraft:mob.sheep.step
[19:14:10] [Client thread/WARN] [btj]: Unable to play unknown soundEvent: minecraft:mob.sheep.step
[19:14:10] [Client thread/WARN] [btj]: Unable to play unknown soundEvent: minecraft:dig.grass
[19:14:11] [Client thread/WARN] [btj]: Unable to play unknown soundEvent: minecraft:dig.grass
[19:14:11] [Client thread/WARN] [btj]: Unable to play unknown soundEvent: minecraft:dig.grass
[19:14:11] [Client thread/WARN] [btj]: Unable to play unknown soundEvent: minecraft:mob.sheep.say
[19:14:11] [Client thread/WARN] [btj]: Unable to play unknown soundEvent: minecraft:mob.sheep.say
[19:14:11] [Client thread/WARN] [btj]: Unable to play unknown soundEvent: minecraft:dig.grass
[19:14:11] [Client thread/WARN] [btj]: Unable to play unknown soundEvent: minecraft:step.grass
[19:14:11] [Client thread/WARN] [btj]: Unable to play unknown soundEvent: minecraft:dig.grass
[19:14:11] [Client thread/WARN] [btj]: Unable to play unknown soundEvent: minecraft:mob.sheep.step
[19:14:11] [Client thread/WARN] [btj]: Unable to play unknown soundEvent: minecraft:dig.wood
[19:14:11] [Client thread/WARN] [btj]: Unable to play unknown soundEvent: minecraft:mob.sheep.step
[19:14:11] [Client thread/WARN] [btj]: Unable to play unknown soundEvent: minecraft:step.grass
[19:14:11] [Client thread/WARN] [btj]: Unable to play unknown soundEvent: minecraft:dig.wood
[19:14:12] [Client thread/WARN] [btj]: Unable to play unknown soundEvent: minecraft:step.grass
[19:14:12] [Client thread/WARN] [btj]: Unable to play unknown soundEvent: minecraft:dig.grass
[19:14:12] [Client thread/WARN] [btj]: Unable to play unknown soundEvent: minecraft:mob.sheep.step
[19:14:12] [Client thread/WARN] [btj]: Unable to play unknown soundEvent: minecraft:dig.grass
[19:14:12] [Client thread/WARN] [btj]: Unable to play unknown soundEvent: minecraft:mob.sheep.step
[19:14:12] [Client thread/WARN] [btj]: Unable to play unknown soundEvent: minecraft:dig.grass
[19:14:12] [Client thread/WARN] [btj]: Unable to play unknown soundEvent: minecraft:step.gravel
[19:14:13] [Client thread/WARN] [btj]: Unable to play unknown soundEvent: minecraft:mob.sheep.step
[19:14:13] [Client thread/WARN] [btj]: Unable to play unknown soundEvent: minecraft:mob.sheep.step
[19:14:13] [Client thread/WARN] [btj]: Unable to play unknown soundEvent: minecraft:mob.sheep.step
[19:14:14] [Client thread/WARN] [btj]: Unable to play unknown soundEvent: minecraft:random.pop
[19:14:14] [Client thread/WARN] [btj]: Unable to play unknown soundEvent: minecraft:mob.sheep.step
[19:14:15] [Client thread/WARN] [btj]: Unable to play unknown soundEvent: minecraft:dig.grass
[19:14:15] [Client thread/WARN] [btj]: Unable to play unknown soundEvent: minecraft:dig.grass
[19:14:15] [Client thread/WARN] [btj]: Unable to play unknown soundEvent: minecraft:dig.grass
[19:14:15] [Client thread/WARN] [btj]: Unable to play unknown soundEvent: minecraft:dig.wood
[19:14:15] [Client thread/WARN] [btj]: Unable to play unknown soundEvent: minecraft:step.grass
[19:14:15] [Client thread/WARN] [btj]: Unable to play unknown soundEvent: minecraft:dig.grass
[19:14:16] [Client thread/WARN] [btj]: Unable to play unknown soundEvent: minecraft:dig.grass
[19:14:16] [Client thread/WARN] [btj]: Unable to play unknown soundEvent: minecraft:step.grass
[19:14:16] [Client thread/WARN] [btj]: Unable to play unknown soundEvent: minecraft:dig.grass
[19:14:16] [Client thread/WARN] [btj]: Unable to play unknown soundEvent: minecraft:mob.sheep.step
[19:14:16] [Client thread/WARN] [btj]: Unable to play unknown soundEvent: minecraft:dig.grass
[19:14:16] [Client thread/WARN] [btj]: Unable to play unknown soundEvent: minecraft:dig.grass
[19:14:16] [Client thread/WARN] [btj]: Unable to play unknown soundEvent: minecraft:step.grass
[19:14:16] [Client thread/WARN] [btj]: Unable to play unknown soundEvent: minecraft:dig.grass
[19:14:17] [Client thread/WARN] [btj]: Unable to play unknown soundEvent: minecraft:dig.grass
[19:14:17] [Client thread/WARN] [btj]: Unable to play unknown soundEvent: minecraft:dig.wood
[19:14:17] [Server thread/INFO] [bsx]: Saving and pausing game...
[19:14:18] [Client thread/WARN] [btj]: Unable to play unknown soundEvent: minecraft:gui.button.press
[19:14:19] [Client thread/WARN] [btj]: Unable to play unknown soundEvent: minecraft:gui.button.press
[19:14:19] [Client thread/DEBUG] [buo]: Shutdown streaming
[19:14:19] [Client thread/INFO] [bao]: Stopping!
[19:18:02] [Thread-3/INFO] [bao]: Setting user: WarzouMc
[19:18:02] [Thread-3/INFO] [bao]: (Session ID is token:fffebc81df9e47f9b77bb0f9a760fa99:53fd74dbc0dc4f17865b4d2a604b822f)
[19:18:03] [Client thread/INFO] [bao]: LWJGL Version: 2.9.1
[19:18:03] [Client thread/INFO] [brg]: Reloading ResourceManager: Default, §4Paladium Pack §8[x32] §4V5.5      §1par Infrahinium.zip
[19:18:04] [Sound Library Loader/INFO] [btj]: Sound engine started
[19:18:04] [Client thread/INFO] [bpz]: Created: 1024x1024 textures/blocks-atlas
[19:18:04] [Client thread/INFO] [bpz]: Created: 1024x512 textures/items-atlas
[19:18:06] [Client thread/WARN] [btj]: Unable to play unknown soundEvent: minecraft:gui.button.press
[19:18:10] [Client thread/WARN] [btj]: Unable to play unknown soundEvent: minecraft:music.menu
[19:18:13] [Client thread/WARN] [btj]: Unable to play unknown soundEvent: minecraft:gui.button.press
[19:18:13] [Client thread/WARN] [btj]: Unable to play unknown soundEvent: minecraft:gui.button.press
[19:18:13] [Client thread/DEBUG] [buo]: Shutdown streaming
[19:18:13] [Client thread/INFO] [bao]: Stopping!
[19:20:47] [Thread-3/INFO] [bao]: Setting user: WarzouMc
[19:20:47] [Thread-3/INFO] [bao]: (Session ID is token:630f65e36b244a489ff15c2c5ad55f2b:53fd74dbc0dc4f17865b4d2a604b822f)
[19:20:47] [Client thread/INFO] [bao]: LWJGL Version: 2.9.1
[19:20:47] [Client thread/INFO] [brg]: Reloading ResourceManager: Default, §4Paladium Pack §8[x32] §4V5.5      §1par Infrahinium.zip
[19:20:48] [Sound Library Loader/INFO] [btj]: Sound engine started
[19:20:48] [Client thread/INFO] [bpz]: Created: 1024x1024 textures/blocks-atlas
[19:20:49] [Client thread/INFO] [bpz]: Created: 1024x512 textures/items-atlas
[19:20:51] [Client thread/WARN] [btj]: Unable to play unknown soundEvent: minecraft:gui.button.press
[19:20:52] [Client thread/WARN] [btj]: Unable to play unknown soundEvent: minecraft:gui.button.press
[19:20:53] [Client thread/WARN] [btj]: Unable to play unknown soundEvent: minecraft:gui.button.press
[19:20:53] [Client thread/DEBUG] [buo]: Shutdown streaming
[19:20:53] [Client thread/INFO] [bao]: Stopping!
[19:58:34] [Thread-3/INFO] [bao]: Setting user: WarzouMc
[19:58:34] [Thread-3/INFO] [bao]: (Session ID is token:d3ea9d1e982c4c9a8c985e1e15afd0bd:53fd74dbc0dc4f17865b4d2a604b822f)
[19:58:34] [Client thread/INFO] [bao]: LWJGL Version: 2.9.1
[19:58:34] [Client thread/INFO] [brg]: Reloading ResourceManager: Default, §4Paladium Pack §8[x32] §4V5.5      §1par Infrahinium.zip
[19:58:35] [Sound Library Loader/INFO] [btj]: Sound engine started
[19:58:36] [Client thread/INFO] [bpz]: Created: 1024x1024 textures/blocks-atlas
[19:58:36] [Client thread/INFO] [bpz]: Created: 1024x512 textures/items-atlas
[19:58:37] [Client thread/WARN] [btj]: Unable to play unknown soundEvent: minecraft:gui.button.press
[19:58:40] [Client thread/WARN] [btj]: Unable to play unknown soundEvent: minecraft:gui.button.press
[19:58:40] [Client thread/WARN] [btj]: Unable to play unknown soundEvent: minecraft:gui.button.press
[19:58:41] [Client thread/WARN] [btj]: Unable to play unknown soundEvent: minecraft:gui.button.press
[19:58:41] [Client thread/WARN] [btj]: Unable to play unknown soundEvent: minecraft:music.menu
[19:58:42] [Client thread/WARN] [btj]: Unable to play unknown soundEvent: minecraft:gui.button.press
[19:58:42] [Client thread/INFO] [brg]: Reloading ResourceManager: Default
[19:58:43] [Client thread/INFO] [bpz]: Created: 512x256 textures/blocks-atlas
[19:58:43] [Client thread/INFO] [bpz]: Created: 256x256 textures/items-atlas
[19:58:44] [Sound Library Loader/INFO] [btj]: Sound engine started
[19:58:45] [Client thread/WARN] [btj]: Unable to play unknown soundEvent: minecraft:gui.button.press
[19:58:47] [Client thread/WARN] [btj]: Unable to play unknown soundEvent: minecraft:gui.button.press
[19:58:47] [Client thread/DEBUG] [buo]: Shutdown streaming
[19:58:47] [Client thread/INFO] [bao]: Stopping!
[19:59:43] [Thread-3/INFO] [bao]: Setting user: WarzouMc
[19:59:43] [Thread-3/INFO] [bao]: (Session ID is token:6421b2c5f92a4abe8735c618ad684956:53fd74dbc0dc4f17865b4d2a604b822f)
[19:59:43] [Client thread/INFO] [bao]: LWJGL Version: 2.9.1
[19:59:43] [Client thread/INFO] [brg]: Reloading ResourceManager: Default
[19:59:44] [Client thread/INFO] [bpz]: Created: 512x256 textures/blocks-atlas
[19:59:44] [Sound Library Loader/INFO] [btj]: Sound engine started
[19:59:44] [Client thread/INFO] [bpz]: Created: 256x256 textures/items-atlas
[19:59:45] [Client thread/WARN] [btj]: Unable to play unknown soundEvent: minecraft:gui.button.press
[19:59:46] [Server thread/INFO] [bsx]: Starting integrated minecraft server version 1.7.10
[19:59:46] [Server thread/INFO] [bsx]: Generating keypair
[19:59:47] [Server thread/INFO] [bsx]: Changing view distance to 12, from 10
[19:59:47] [Netty IO #1/DEBUG] [ej]: Set listener of ej@16dead80 to na@1e5c1e5d
[19:59:47] [Netty IO #1/DEBUG] [ej]: Enabled auto read
[19:59:47] [Netty Client IO #0/DEBUG] [ej]: Enabled auto read
[19:59:47] [Client thread/DEBUG] [ej]: Set listener of ej@543be433 to biz@346173a3
[19:59:47] [Client thread/DEBUG] [ej]: Disabled auto read
[19:59:47] [Netty IO #1/DEBUG] [ej]: Enabled auto read
[19:59:47] [Netty Client IO #0/DEBUG] [ej]: Enabled auto read
[19:59:47] [Server thread/DEBUG] [ej]: Set listener of ej@16dead80 to nn@42d7d3b8
[19:59:47] [Netty Client IO #0/DEBUG] [ej]: Enabled auto read
[19:59:47] [Client thread/DEBUG] [biz]: Switching protocol from LOGIN to PLAY
[19:59:47] [Server thread/DEBUG] [oi]: loading single player
[19:59:47] [Server thread/INFO] [oi]: WarzouMc[local:E:df2a8b9e] logged in with entity id 276 at (42.699999988079064, 72.0, 241.79030431591258)
[19:59:47] [Client thread/DEBUG] [ej]: Set listener of ej@543be433 to bjb@771170af
[19:59:47] [Server thread/DEBUG] [ej]: Set listener of ej@16dead80 to nh@4b24e564
[19:59:47] [Server thread/DEBUG] [ej]: Disabled auto read
[19:59:47] [Server thread/DEBUG] [ej]: Disabled auto read
[19:59:47] [Server thread/DEBUG] [ej]: Disabled auto read
[19:59:47] [Server thread/DEBUG] [ej]: Disabled auto read
[19:59:47] [Server thread/DEBUG] [ej]: Disabled auto read
[19:59:47] [Netty IO #1/DEBUG] [ej]: Enabled auto read
[19:59:47] [Netty IO #1/DEBUG] [ej]: Enabled auto read
[19:59:47] [Netty IO #1/DEBUG] [ej]: Enabled auto read
[19:59:47] [Netty IO #1/DEBUG] [ej]: Enabled auto read
[19:59:47] [Netty IO #1/DEBUG] [ej]: Enabled auto read
[19:59:48] [Client thread/DEBUG] [bpr]: Loading http texture from local cache (C:\Users\asus\AppData\Roaming\.Mon Pack\minecraft\assets\skins\a9\a9a1accee33e1b32e3b3a263ade0c3f414347ac5003c76e5198232334a67f1b2)
[19:59:48] [Client thread/WARN] [btj]: Unable to play unknown soundEvent: minecraft:mob.sheep.say
[19:59:50] [Client thread/WARN] [btj]: Unable to play unknown soundEvent: minecraft:mob.sheep.say
[19:59:51] [Client thread/WARN] [btj]: Unable to play unknown soundEvent: minecraft:music.game.creative
[19:59:53] [Client thread/WARN] [btj]: Unable to play unknown soundEvent: minecraft:dig.stone
[19:59:53] [Client thread/WARN] [btj]: Unable to play unknown soundEvent: minecraft:dig.stone
[19:59:54] [Client thread/WARN] [btj]: Unable to play unknown soundEvent: minecraft:mob.sheep.step
[19:59:56] [Client thread/WARN] [btj]: Unable to play unknown soundEvent: minecraft:dig.stone
[19:59:56] [Client thread/WARN] [btj]: Unable to play unknown soundEvent: minecraft:mob.sheep.say
[19:59:57] [Client thread/WARN] [btj]: Unable to play unknown soundEvent: minecraft:mob.sheep.say
[19:59:57] [Client thread/WARN] [btj]: Unable to play unknown soundEvent: minecraft:dig.stone
[19:59:57] [Client thread/WARN] [btj]: Unable to play unknown soundEvent: minecraft:dig.grass
[19:59:58] [Client thread/WARN] [btj]: Unable to play unknown soundEvent: minecraft:dig.stone
[19:59:58] [Client thread/WARN] [btj]: Unable to play unknown soundEvent: minecraft:dig.stone
[19:59:59] [Client thread/WARN] [btj]: Unable to play unknown soundEvent: minecraft:step.gravel
[19:59:59] [Client thread/WARN] [btj]: Unable to play unknown soundEvent: minecraft:step.grass
[20:00:00] [Server thread/INFO] [bsx]: Saving and pausing game...
[20:00:14] [Client thread/WARN] [btj]: Unable to play unknown soundEvent: minecraft:gui.button.press
[20:00:18] [Client thread/WARN] [btj]: Unable to play unknown soundEvent: minecraft:mob.sheep.step
[20:00:18] [Client thread/WARN] [btj]: Unable to play unknown soundEvent: minecraft:mob.sheep.say
[20:00:18] [Client thread/WARN] [btj]: Unable to play unknown soundEvent: minecraft:mob.sheep.step
[20:00:19] [Client thread/WARN] [btj]: Unable to play unknown soundEvent: minecraft:mob.sheep.step
[20:00:20] [Client thread/WARN] [btj]: Unable to play unknown soundEvent: minecraft:mob.sheep.step
[20:00:21] [Client thread/WARN] [btj]: Unable to play unknown soundEvent: minecraft:mob.sheep.step
[20:00:21] [Client thread/WARN] [btj]: Unable to play unknown soundEvent: minecraft:mob.sheep.step
[20:00:22] [Client thread/WARN] [btj]: Unable to play unknown soundEvent: minecraft:mob.sheep.say
[20:00:22] [Client thread/WARN] [btj]: Unable to play unknown soundEvent: minecraft:mob.sheep.step
[20:00:22] [Client thread/WARN] [btj]: Unable to play unknown soundEvent: minecraft:mob.sheep.step
[20:00:23] [Client thread/WARN] [btj]: Unable to play unknown soundEvent: minecraft:mob.sheep.step
[20:00:24] [Client thread/WARN] [btj]: Unable to play unknown soundEvent: minecraft:mob.sheep.step
[20:00:27] [Client thread/WARN] [btj]: Unable to play unknown soundEvent: minecraft:dig.grass
[20:00:27] [Client thread/WARN] [btj]: Unable to play unknown soundEvent: minecraft:mob.sheep.say
[20:00:29] [Client thread/WARN] [btj]: Unable to play unknown soundEvent: minecraft:dig.grass
[20:00:30] [Client thread/WARN] [btj]: Unable to play unknown soundEvent: minecraft:mob.sheep.say
[20:00:32] [Client thread/WARN] [btj]: Unable to play unknown soundEvent: minecraft:dig.grass
[20:00:34] [Client thread/WARN] [btj]: Unable to play unknown soundEvent: minecraft:mob.sheep.say
[20:00:38] [Client thread/WARN] [btj]: Unable to play unknown soundEvent: minecraft:step.grass
[20:00:38] [Client thread/WARN] [btj]: Unable to play unknown soundEvent: minecraft:mob.sheep.say
[20:00:39] [Client thread/WARN] [btj]: Unable to play unknown soundEvent: minecraft:step.grass
[20:00:39] [Client thread/WARN] [btj]: Unable to play unknown soundEvent: minecraft:mob.sheep.say
[20:00:40] [Client thread/WARN] [btj]: Unable to play unknown soundEvent: minecraft:mob.sheep.step
[20:00:41] [Client thread/WARN] [btj]: Unable to play unknown soundEvent: minecraft:mob.sheep.step
[20:00:41] [Client thread/WARN] [btj]: Unable to play unknown soundEvent: minecraft:mob.sheep.step
[20:00:41] [Client thread/WARN] [btj]: Unable to play unknown soundEvent: minecraft:mob.sheep.step
[20:00:43] [Client thread/WARN] [btj]: Unable to play unknown soundEvent: minecraft:dig.grass
[20:00:46] [Server thread/INFO] [bsx]: Saving and pausing game...
[20:00:48] [Server thread/INFO] [bsx]: Saving and pausing game...
[20:00:49] [Client thread/WARN] [btj]: Unable to play unknown soundEvent: minecraft:gui.button.press
[20:00:52] [Client thread/WARN] [btj]: Unable to play unknown soundEvent: minecraft:gui.button.press
[20:00:58] [Client thread/WARN] [btj]: Unable to play unknown soundEvent: minecraft:gui.button.press
[20:00:59] [Client thread/WARN] [btj]: Unable to play unknown soundEvent: minecraft:gui.button.press
[20:00:59] [Server thread/INFO] [bsx]: Changing view distance to 4, from 12
[20:01:03] [Client thread/WARN] [btj]: Unable to play unknown soundEvent: minecraft:mob.sheep.step
[20:01:04] [Client thread/WARN] [btj]: Unable to play unknown soundEvent: minecraft:mob.sheep.step
[20:01:04] [Client thread/WARN] [btj]: Unable to play unknown soundEvent: minecraft:dig.stone
[20:01:04] [Client thread/WARN] [btj]: Unable to play unknown soundEvent: minecraft:mob.sheep.step
[20:01:04] [Client thread/WARN] [btj]: Unable to play unknown soundEvent: minecraft:dig.stone
[20:01:05] [Client thread/WARN] [btj]: Unable to play unknown soundEvent: minecraft:dig.stone
[20:01:05] [Client thread/WARN] [btj]: Unable to play unknown soundEvent: minecraft:mob.sheep.step
[20:01:05] [Client thread/WARN] [btj]: Unable to play unknown soundEvent: minecraft:dig.stone
[20:01:06] [Client thread/WARN] [btj]: Unable to play unknown soundEvent: minecraft:dig.stone
[20:01:06] [Client thread/WARN] [btj]: Unable to play unknown soundEvent: minecraft:dig.stone
[20:01:06] [Client thread/WARN] [btj]: Unable to play unknown soundEvent: minecraft:mob.sheep.say
[20:01:06] [Client thread/WARN] [btj]: Unable to play unknown soundEvent: minecraft:dig.stone
[20:01:06] [Client thread/WARN] [btj]: Unable to play unknown soundEvent: minecraft:dig.stone
[20:01:07] [Client thread/WARN] [btj]: Unable to play unknown soundEvent: minecraft:mob.sheep.step
[20:01:09] [Client thread/WARN] [btj]: Unable to play unknown soundEvent: minecraft:dig.stone
[20:01:09] [Client thread/WARN] [btj]: Unable to play unknown soundEvent: minecraft:dig.stone
[20:01:10] [Client thread/WARN] [btj]: Unable to play unknown soundEvent: minecraft:dig.stone
[20:01:10] [Client thread/WARN] [btj]: Unable to play unknown soundEvent: minecraft:dig.stone
[20:01:10] [Client thread/WARN] [btj]: Unable to play unknown soundEvent: minecraft:dig.stone
[20:01:13] [Client thread/WARN] [btj]: Unable to play unknown soundEvent: minecraft:dig.stone
[20:01:14] [Client thread/WARN] [btj]: Unable to play unknown soundEvent: minecraft:dig.stone
[20:01:15] [Client thread/WARN] [btj]: Unable to play unknown soundEvent: minecraft:dig.stone
[20:01:15] [Client thread/WARN] [btj]: Unable to play unknown soundEvent: minecraft:dig.stone
[20:01:17] [Client thread/WARN] [btj]: Unable to play unknown soundEvent: minecraft:dig.grass
[20:01:18] [Client thread/WARN] [btj]: Unable to play unknown soundEvent: minecraft:dig.grass
[20:01:19] [Client thread/WARN] [btj]: Unable to play unknown soundEvent: minecraft:dig.stone
[20:01:19] [Client thread/WARN] [btj]: Unable to play unknown soundEvent: minecraft:dig.stone
[20:01:19] [Client thread/WARN] [btj]: Unable to play unknown soundEvent: minecraft:dig.stone
[20:01:20] [Client thread/WARN] [btj]: Unable to play unknown soundEvent: minecraft:dig.stone
[20:01:21] [Client thread/WARN] [btj]: Unable to play unknown soundEvent: minecraft:dig.grass
[20:01:23] [Client thread/WARN] [btj]: Unable to play unknown soundEvent: minecraft:step.grass
[20:01:23] [Client thread/WARN] [btj]: Unable to play unknown soundEvent: minecraft:dig.stone
[20:01:23] [Client thread/WARN] [btj]: Unable to play unknown soundEvent: minecraft:dig.stone
[20:01:25] [Client thread/WARN] [btj]: Unable to play unknown soundEvent: minecraft:fire.ignite
[20:01:25] [Client thread/WARN] [btj]: Unable to play unknown soundEvent: minecraft:mob.bat.takeoff
[20:01:25] [Client thread/WARN] [btj]: Unable to play unknown soundEvent: minecraft:mob.bat.takeoff
[20:01:26] [Client thread/WARN] [btj]: Unable to play unknown soundEvent: minecraft:dig.grass
[20:01:26] [Client thread/WARN] [btj]: Unable to play unknown soundEvent: minecraft:mob.sheep.step
[20:01:27] [Client thread/WARN] [btj]: Unable to play unknown soundEvent: minecraft:dig.stone
[20:01:27] [Client thread/WARN] [btj]: Unable to play unknown soundEvent: minecraft:mob.sheep.step
[20:01:27] [Client thread/WARN] [btj]: Unable to play unknown soundEvent: minecraft:dig.stone
[20:01:27] [Client thread/WARN] [btj]: Unable to play unknown soundEvent: minecraft:dig.stone
[20:01:28] [Client thread/WARN] [btj]: Unable to play unknown soundEvent: minecraft:fire.ignite
[20:01:29] [Client thread/WARN] [btj]: Unable to play unknown soundEvent: minecraft:portal.portal
[20:01:29] [Client thread/WARN] [btj]: Unable to play unknown soundEvent: minecraft:mob.sheep.step
[20:01:30] [Client thread/WARN] [btj]: Unable to play unknown soundEvent: minecraft:mob.sheep.step
[20:01:30] [Client thread/WARN] [btj]: Unable to play unknown soundEvent: minecraft:mob.sheep.say
[20:01:30] [Client thread/WARN] [btj]: Unable to play unknown soundEvent: minecraft:step.grass
[20:01:30] [Client thread/WARN] [btj]: Unable to play unknown soundEvent: minecraft:dig.grass
[20:01:31] [Client thread/WARN] [btj]: Unable to play unknown soundEvent: minecraft:mob.sheep.step
[20:01:31] [Client thread/WARN] [btj]: Unable to play unknown soundEvent: minecraft:portal.portal
[20:01:31] [Client thread/WARN] [btj]: Unable to play unknown soundEvent: minecraft:dig.grass
[20:01:32] [Client thread/WARN] [btj]: Unable to play unknown soundEvent: minecraft:portal.trigger
[20:01:35] [Client thread/WARN] [btj]: Unable to play unknown soundEvent: minecraft:portal.trigger
[20:01:37] [Client thread/WARN] [btj]: Unable to play unknown soundEvent: minecraft:portal.portal
[20:01:37] [Client thread/WARN] [btj]: Unable to play unknown soundEvent: minecraft:step.stone
[20:01:37] [Client thread/WARN] [btj]: Unable to play unknown soundEvent: minecraft:fire.fire
[20:01:37] [Client thread/WARN] [btj]: Unable to play unknown soundEvent: minecraft:music.game.nether
[20:01:38] [Client thread/WARN] [btj]: Unable to play unknown soundEvent: minecraft:step.stone
[20:01:38] [Client thread/WARN] [btj]: Unable to play unknown soundEvent: minecraft:portal.trigger
[20:01:39] [Client thread/WARN] [btj]: Unable to play unknown soundEvent: minecraft:portal.trigger
[20:01:41] [Server thread/INFO] [bsx]: Saving and pausing game...
[20:02:16] [Client thread/WARN] [btj]: Unable to play unknown soundEvent: minecraft:dig.stone
[20:02:17] [Client thread/WARN] [btj]: Unable to play unknown soundEvent: minecraft:portal.portal
[20:02:17] [Server thread/INFO] [bsx]: Saving and pausing game...
[20:02:25] [Client thread/WARN] [btj]: Unable to play unknown soundEvent: minecraft:dig.stone
[20:02:25] [Server thread/INFO] [bsx]: Saving and pausing game...
[20:02:33] [Client thread/WARN] [btj]: Unable to play unknown soundEvent: minecraft:dig.grass
[20:02:34] [Client thread/WARN] [btj]: Unable to play unknown soundEvent: minecraft:portal.portal
[20:02:34] [Server thread/INFO] [bsx]: Saving and pausing game...
[20:02:44] [Client thread/WARN] [btj]: Unable to play unknown soundEvent: minecraft:mob.sheep.say
[20:02:44] [Client thread/WARN] [btj]: Unable to play unknown soundEvent: minecraft:mob.sheep.step
[20:02:44] [Client thread/WARN] [btj]: Unable to play unknown soundEvent: minecraft:mob.sheep.step
[20:02:44] [Client thread/WARN] [btj]: Unable to play unknown soundEvent: minecraft:step.grass
[20:02:44] [Client thread/WARN] [btj]: Unable to play unknown soundEvent: minecraft:step.grass
[20:02:44] [Client thread/WARN] [btj]: Unable to play unknown soundEvent: minecraft:portal.portal
[20:02:45] [Client thread/WARN] [btj]: Unable to play unknown soundEvent: minecraft:mob.sheep.step
[20:02:46] [Client thread/WARN] [btj]: Unable to play unknown soundEvent: minecraft:mob.sheep.step
[20:02:47] [Client thread/WARN] [btj]: Unable to play unknown soundEvent: minecraft:mob.bat.takeoff
[20:02:47] [Client thread/WARN] [btj]: Unable to play unknown soundEvent: minecraft:portal.portal
[20:02:48] [Client thread/WARN] [btj]: Unable to play unknown soundEvent: minecraft:portal.portal
[20:02:48] [Client thread/WARN] [btj]: Unable to play unknown soundEvent: minecraft:mob.sheep.step
[20:02:49] [Client thread/WARN] [btj]: Unable to play unknown soundEvent: minecraft:portal.portal
[20:02:49] [Client thread/WARN] [btj]: Unable to play unknown soundEvent: minecraft:mob.sheep.step
[20:02:50] [Client thread/WARN] [btj]: Unable to play unknown soundEvent: minecraft:dig.stone
[20:02:51] [Client thread/WARN] [btj]: Unable to play unknown soundEvent: minecraft:mob.sheep.say
[20:02:51] [Client thread/WARN] [btj]: Unable to play unknown soundEvent: minecraft:dig.stone
[20:02:52] [Client thread/WARN] [btj]: Unable to play unknown soundEvent: minecraft:portal.portal
[20:02:52] [Client thread/WARN] [btj]: Unable to play unknown soundEvent: minecraft:dig.stone
[20:02:52] [Client thread/WARN] [btj]: Unable to play unknown soundEvent: minecraft:dig.stone
[20:02:57] [Server thread/INFO] [bsx]: Saving and pausing game...
[20:03:00] [Client thread/WARN] [btj]: Unable to play unknown soundEvent: minecraft:gui.button.press
[20:03:01] [Client thread/WARN] [btj]: Unable to play unknown soundEvent: minecraft:gui.button.press
[20:03:01] [Client thread/WARN] [btj]: Unable to play unknown soundEvent: minecraft:gui.button.press
[20:03:10] [Client thread/WARN] [btj]: Unable to play unknown soundEvent: minecraft:gui.button.press
[20:03:10] [Client thread/INFO] [brg]: Reloading ResourceManager: Default
[20:03:10] [Client thread/INFO] [bpz]: Created: 512x256 textures/blocks-atlas
[20:03:10] [Client thread/DEBUG] [bpr]: Loading http texture from local cache (C:\Users\asus\AppData\Roaming\.Mon Pack\minecraft\assets\skins\a9\a9a1accee33e1b32e3b3a263ade0c3f414347ac5003c76e5198232334a67f1b2)
[20:03:11] [Client thread/INFO] [bpz]: Created: 256x256 textures/items-atlas
[20:03:12] [Sound Library Loader/INFO] [btj]: Sound engine started
[20:03:12] [Client thread/WARN] [btj]: Unable to play unknown soundEvent: minecraft:gui.button.press
[20:03:12] [Client thread/WARN] [btj]: Unable to play unknown soundEvent: minecraft:gui.button.press
[20:03:12] [Client thread/DEBUG] [buo]: Shutdown streaming
[20:03:12] [Client thread/INFO] [bao]: Stopping!
[20:05:55] [Thread-3/INFO] [bao]: Setting user: WarzouMc
[20:05:55] [Thread-3/INFO] [bao]: (Session ID is token:9509f454c7f74a52a1b3967e87dadbd5:53fd74dbc0dc4f17865b4d2a604b822f)
[20:05:56] [Client thread/INFO] [bao]: LWJGL Version: 2.9.1
[20:05:56] [Client thread/INFO] [brg]: Reloading ResourceManager: Default
[20:05:57] [Client thread/INFO] [bpz]: Created: 512x256 textures/blocks-atlas
[20:05:57] [Sound Library Loader/INFO] [btj]: Sound engine started
[20:05:57] [Client thread/INFO] [bpz]: Created: 256x256 textures/items-atlas
[20:05:58] [Client thread/WARN] [btj]: Unable to play unknown soundEvent: minecraft:gui.button.press
[20:06:01] [Client thread/WARN] [btj]: Unable to play unknown soundEvent: minecraft:gui.button.press
[20:06:02] [Client thread/WARN] [btj]: Unable to play unknown soundEvent: minecraft:music.menu
[20:06:06] [Client thread/WARN] [btj]: Unable to play unknown soundEvent: minecraft:gui.button.press
[20:06:06] [Client thread/DEBUG] [buo]: Shutdown streaming
[20:06:06] [Client thread/INFO] [bao]: Stopping!
[20:06:26] [Thread-3/INFO] [LaunchWrapper]: Loading tweak class name cpw.mods.fml.common.launcher.FMLTweaker
[20:06:26] [Thread-3/INFO] [LaunchWrapper]: Using primary tweak class name cpw.mods.fml.common.launcher.FMLTweaker
[20:06:26] [Thread-3/INFO] [LaunchWrapper]: Calling tweak class cpw.mods.fml.common.launcher.FMLTweaker
[20:08:52] [Thread-3/INFO] [LaunchWrapper]: Loading tweak class name cpw.mods.fml.common.launcher.FMLTweaker
[20:08:52] [Thread-3/INFO] [LaunchWrapper]: Using primary tweak class name cpw.mods.fml.common.launcher.FMLTweaker
[20:08:52] [Thread-3/INFO] [LaunchWrapper]: Calling tweak class cpw.mods.fml.common.launcher.FMLTweaker
[20:13:21] [Thread-3/INFO] [LaunchWrapper]: Loading tweak class name cpw.mods.fml.common.launcher.FMLTweaker
[20:13:21] [Thread-3/INFO] [LaunchWrapper]: Using primary tweak class name cpw.mods.fml.common.launcher.FMLTweaker
[20:13:21] [Thread-3/INFO] [LaunchWrapper]: Calling tweak class cpw.mods.fml.common.launcher.FMLTweaker
[20:13:57] [Thread-3/INFO] [LaunchWrapper]: Loading tweak class name cpw.mods.fml.common.launcher.FMLTweaker
[20:13:57] [Thread-3/INFO] [LaunchWrapper]: Using primary tweak class name cpw.mods.fml.common.launcher.FMLTweaker
[20:13:57] [Thread-3/INFO] [LaunchWrapper]: Calling tweak class cpw.mods.fml.common.launcher.FMLTweaker
[20:14:35] [Thread-3/INFO] [LaunchWrapper]: Loading tweak class name cpw.mods.fml.common.launcher.FMLTweaker
[20:14:35] [Thread-3/INFO] [LaunchWrapper]: Using primary tweak class name cpw.mods.fml.common.launcher.FMLTweaker
[20:14:35] [Thread-3/INFO] [LaunchWrapper]: Calling tweak class cpw.mods.fml.common.launcher.FMLTweaker
[20:38:08] [Thread-3/INFO] [LaunchWrapper]: Loading tweak class name cpw.mods.fml.common.launcher.FMLTweaker
[20:38:08] [Thread-3/INFO] [LaunchWrapper]: Using primary tweak class name cpw.mods.fml.common.launcher.FMLTweaker
[20:38:08] [Thread-3/INFO] [LaunchWrapper]: Calling tweak class cpw.mods.fml.common.launcher.FMLTweaker
[20:43:12] [Thread-3/INFO] [LaunchWrapper]: Loading tweak class name cpw.mods.fml.common.launcher.FMLTweaker
[20:43:12] [Thread-3/INFO] [LaunchWrapper]: Using primary tweak class name cpw.mods.fml.common.launcher.FMLTweaker
[20:43:12] [Thread-3/INFO] [LaunchWrapper]: Calling tweak class cpw.mods.fml.common.launcher.FMLTweaker
[20:47:10] [Thread-3/INFO] [LaunchWrapper]: Loading tweak class name cpw.mods.fml.common.launcher.FMLTweaker
[20:47:10] [Thread-3/INFO] [LaunchWrapper]: Using primary tweak class name cpw.mods.fml.common.launcher.FMLTweaker
[20:47:10] [Thread-3/INFO] [LaunchWrapper]: Calling tweak class cpw.mods.fml.common.launcher.FMLTweaker
[20:52:15] [Thread-3/INFO] [LaunchWrapper]: Loading tweak class name net.minecraftforge.fml.common.launcher.FMLTweaker
[20:52:15] [Thread-3/INFO] [LaunchWrapper]: Using primary tweak class name net.minecraftforge.fml.common.launcher.FMLTweaker
[20:52:15] [Thread-3/INFO] [LaunchWrapper]: Calling tweak class net.minecraftforge.fml.common.launcher.FMLTweaker
[20:52:47] [Thread-3/INFO] [LaunchWrapper]: Loading tweak class name net.minecraftforge.fml.common.launcher.FMLTweaker
[20:52:47] [Thread-3/INFO] [LaunchWrapper]: Using primary tweak class name net.minecraftforge.fml.common.launcher.FMLTweaker
[20:52:47] [Thread-3/INFO] [LaunchWrapper]: Calling tweak class net.minecraftforge.fml.common.launcher.FMLTweaker
[13:38:15] [Thread-3/INFO] [LaunchWrapper]: Loading tweak class name net.minecraftforge.fml.common.launcher.FMLTweaker
[13:38:15] [Thread-3/INFO] [LaunchWrapper]: Using primary tweak class name net.minecraftforge.fml.common.launcher.FMLTweaker
[13:38:15] [Thread-3/INFO] [LaunchWrapper]: Calling tweak class net.minecraftforge.fml.common.launcher.FMLTweaker
[14:16:24] [Thread-3/INFO] [LaunchWrapper]: Loading tweak class name net.minecraftforge.fml.common.launcher.FMLTweaker
[14:16:24] [Thread-3/INFO] [LaunchWrapper]: Using primary tweak class name net.minecraftforge.fml.common.launcher.FMLTweaker
[14:16:24] [Thread-3/INFO] [LaunchWrapper]: Calling tweak class net.minecraftforge.fml.common.launcher.FMLTweaker
[14:18:50] [Thread-3/INFO] [LaunchWrapper]: Loading tweak class name net.minecraftforge.fml.common.launcher.FMLTweaker
[14:18:50] [Thread-3/INFO] [LaunchWrapper]: Using primary tweak class name net.minecraftforge.fml.common.launcher.FMLTweaker
[14:18:50] [Thread-3/INFO] [LaunchWrapper]: Calling tweak class net.minecraftforge.fml.common.launcher.FMLTweaker
