[14:18:51] [Thread-3/DEBUG] [FML/]: Injecting tracing printstreams for STDOUT/STDERR.
[14:18:51] [Thread-3/INFO] [FML/]: Forge Mod Loader version 12.18.3.2185 for Minecraft 1.10.2 loading
[14:18:51] [Thread-3/INFO] [FML/]: Java is Java HotSpot(TM) 64-Bit Server VM, version 1.8.0_161, running on Windows 10:amd64:10.0, installed at C:\Program Files\Java\jre1.8.0_161
[14:18:51] [Thread-3/DEBUG] [FML/]: Java classpath at launch is C:\Program Files\Java\jre1.8.0_161\lib\resources.jar;C:\Program Files\Java\jre1.8.0_161\lib\rt.jar;C:\Program Files\Java\jre1.8.0_161\lib\jsse.jar;C:\Program Files\Java\jre1.8.0_161\lib\jce.jar;C:\Program Files\Java\jre1.8.0_161\lib\charsets.jar;C:\Program Files\Java\jre1.8.0_161\lib\jfr.jar;C:\Program Files\Java\jre1.8.0_161\lib\ext\access-bridge-64.jar;C:\Program Files\Java\jre1.8.0_161\lib\ext\cldrdata.jar;C:\Program Files\Java\jre1.8.0_161\lib\ext\dnsns.jar;C:\Program Files\Java\jre1.8.0_161\lib\ext\jaccess.jar;C:\Program Files\Java\jre1.8.0_161\lib\ext\jfxrt.jar;C:\Program Files\Java\jre1.8.0_161\lib\ext\localedata.jar;C:\Program Files\Java\jre1.8.0_161\lib\ext\nashorn.jar;C:\Program Files\Java\jre1.8.0_161\lib\ext\sunec.jar;C:\Program Files\Java\jre1.8.0_161\lib\ext\sunjce_provider.jar;C:\Program Files\Java\jre1.8.0_161\lib\ext\sunmscapi.jar;C:\Program Files\Java\jre1.8.0_161\lib\ext\sunpkcs11.jar;C:\Program Files\Java\jre1.8.0_161\lib\ext\zipfs.jar;C:\Users\asus\eclipse-workspace\LaucherServGroup\bin;C:\Users\asus\Documents\openauth-1.0.3-SNAPSHOT.jar;C:\Users\asus\Documents\s-update-3.1.0-BETA.jar;C:\Users\asus\Documents\gson-2.3.1-sources.jar;C:\Users\asus\Documents\swinger-1.0.0-BETA.jar;C:\Users\asus\Documents\openlauncherlib-3.0.4.jar
[14:18:51] [Thread-3/DEBUG] [FML/]: Java library path at launch is C:\Users\asus\AppData\Roaming\.SkyExpender\minecraft\natives
[14:18:51] [Thread-3/DEBUG] [FML/]: Enabling runtime deobfuscation
[14:18:51] [Thread-3/DEBUG] [FML/]: Instantiating coremod class FMLCorePlugin
[14:18:51] [Thread-3/DEBUG] [FML/]: Added access transformer class net.minecraftforge.fml.common.asm.transformers.AccessTransformer to enqueued access transformers
[14:18:51] [Thread-3/DEBUG] [FML/]: Enqueued coremod FMLCorePlugin
[14:18:51] [Thread-3/DEBUG] [FML/]: Instantiating coremod class FMLForgePlugin
[14:18:51] [Thread-3/DEBUG] [FML/]: Enqueued coremod FMLForgePlugin
[14:18:51] [Thread-3/DEBUG] [FML/]: All fundamental core mods are successfully located
[14:18:51] [Thread-3/DEBUG] [FML/]: Attempting to load commandline specified mods, relative to C:\Users\asus\AppData\Roaming\.SkyExpender\minecraft
[14:18:51] [Thread-3/DEBUG] [FML/]: Discovering coremods
[14:18:51] [Thread-3/INFO] [LaunchWrapper/]: Loading tweak class name net.minecraftforge.fml.common.launcher.FMLInjectionAndSortingTweaker
[14:18:51] [Thread-3/INFO] [LaunchWrapper/]: Loading tweak class name net.minecraftforge.fml.common.launcher.FMLDeobfTweaker
[14:18:51] [Thread-3/INFO] [LaunchWrapper/]: Calling tweak class net.minecraftforge.fml.common.launcher.FMLInjectionAndSortingTweaker
[14:18:51] [Thread-3/INFO] [LaunchWrapper/]: Calling tweak class net.minecraftforge.fml.common.launcher.FMLInjectionAndSortingTweaker
[14:18:51] [Thread-3/INFO] [LaunchWrapper/]: Calling tweak class net.minecraftforge.fml.relauncher.CoreModManager$FMLPluginWrapper
[14:18:51] [Thread-3/DEBUG] [FML/]: Injecting coremod FMLCorePlugin {net.minecraftforge.fml.relauncher.FMLCorePlugin} class transformers
[14:18:51] [Thread-3/TRACE] [FML/]: Registering transformer net.minecraftforge.fml.common.asm.transformers.BlamingTransformer
[14:18:51] [Thread-3/TRACE] [FML/]: Registering transformer net.minecraftforge.fml.common.asm.transformers.SideTransformer
[14:18:51] [Thread-3/TRACE] [FML/]: Registering transformer net.minecraftforge.fml.common.asm.transformers.EventSubscriptionTransformer
[14:18:51] [Thread-3/TRACE] [FML/]: Registering transformer net.minecraftforge.fml.common.asm.transformers.EventSubscriberTransformer
[14:18:51] [Thread-3/DEBUG] [FML/]: Injection complete
[14:18:51] [Thread-3/DEBUG] [FML/]: Running coremod plugin for FMLCorePlugin {net.minecraftforge.fml.relauncher.FMLCorePlugin}
[14:18:51] [Thread-3/DEBUG] [FML/]: Running coremod plugin FMLCorePlugin
[14:18:52] [Thread-3/DEBUG] [FML/]: Read 914 binary patches
[14:18:52] [Thread-3/DEBUG] [FML/]: Loading deobfuscation resource /deobfuscation_data-1.10.2.lzma with 32371 records
[14:18:53] [Thread-3/INFO] [FML/]: Found valid fingerprint for Minecraft Forge. Certificate fingerprint e3c3d50c7c986df74c645c0ac54639741c90a557
[14:18:53] [Thread-3/INFO] [FML/]: Found valid fingerprint for Minecraft. Certificate fingerprint cd99959656f753dc28d863b46769f7f8fbaefcfc
[14:18:53] [Thread-3/DEBUG] [FML/]: Coremod plugin class FMLCorePlugin run successfully
[14:18:53] [Thread-3/INFO] [LaunchWrapper/]: Calling tweak class net.minecraftforge.fml.relauncher.CoreModManager$FMLPluginWrapper
[14:18:53] [Thread-3/DEBUG] [FML/]: Injecting coremod FMLForgePlugin {net.minecraftforge.classloading.FMLForgePlugin} class transformers
[14:18:53] [Thread-3/DEBUG] [FML/]: Injection complete
[14:18:53] [Thread-3/DEBUG] [FML/]: Running coremod plugin for FMLForgePlugin {net.minecraftforge.classloading.FMLForgePlugin}
[14:18:53] [Thread-3/DEBUG] [FML/]: Running coremod plugin FMLForgePlugin
[14:18:53] [Thread-3/DEBUG] [FML/]: Coremod plugin class FMLForgePlugin run successfully
[14:18:53] [Thread-3/INFO] [LaunchWrapper/]: Calling tweak class net.minecraftforge.fml.common.launcher.FMLDeobfTweaker
[14:18:53] [Thread-3/DEBUG] [FML/]: Loaded 195 rules from AccessTransformer config file forge_at.cfg
[14:18:53] [Thread-3/DEBUG] [FML/]: Validating minecraft
[14:18:53] [Thread-3/DEBUG] [FML/]: Minecraft validated, launching...
[14:18:53] [Thread-3/INFO] [LaunchWrapper/]: Loading tweak class name net.minecraftforge.fml.common.launcher.TerminalTweaker
[14:18:53] [Thread-3/INFO] [LaunchWrapper/]: Calling tweak class net.minecraftforge.fml.common.launcher.TerminalTweaker
[14:18:53] [Thread-3/INFO] [LaunchWrapper/]: Launching wrapped minecraft {net.minecraft.client.main.Main}
[14:18:57] [Client thread/DEBUG] [FML/]: Creating vanilla freeze snapshot
[14:18:57] [Client thread/DEBUG] [FML/]: Vanilla freeze snapshot created
[14:18:58] [Client thread/INFO] [STDOUT/]: [net.minecraft.init.Bootstrap:func_179870_a:560]: ---- Minecraft Crash Report ----
// This is a token for 1 free hug. Redeem at your nearest Mojangsta: [~~HUG~~]

Time: 31/08/18 14:18
Description: Initializing game

java.lang.NullPointerException: Initializing game
	at net.minecraft.client.Minecraft.func_152340_a(Minecraft.java:780)
	at net.minecraft.client.Minecraft.func_175594_ao(Minecraft.java:628)
	at net.minecraft.client.Minecraft.func_71384_a(Minecraft.java:428)
	at net.minecraft.client.Minecraft.func_99999_d(Minecraft.java:351)
	at net.minecraft.client.main.Main.main(SourceFile:124)
	at sun.reflect.NativeMethodAccessorImpl.invoke0(Native Method)
	at sun.reflect.NativeMethodAccessorImpl.invoke(Unknown Source)
	at sun.reflect.DelegatingMethodAccessorImpl.invoke(Unknown Source)
	at java.lang.reflect.Method.invoke(Unknown Source)
	at net.minecraft.launchwrapper.Launch.launch(Launch.java:135)
	at net.minecraft.launchwrapper.Launch.main(Launch.java:28)
	at sun.reflect.NativeMethodAccessorImpl.invoke0(Native Method)
	at sun.reflect.NativeMethodAccessorImpl.invoke(Unknown Source)
	at sun.reflect.DelegatingMethodAccessorImpl.invoke(Unknown Source)
	at java.lang.reflect.Method.invoke(Unknown Source)
	at fr.theshark34.openlauncherlib.internal.InternalLauncher.launch(InternalLauncher.java:173)
	at fr.shiwanMc.LauncherServGroup.Launcher.launch(Launcher.java:128)
	at fr.shiwanMc.LauncherServGroup.LauncherPanel$1.run(LauncherPanel.java:125)


A detailed walkthrough of the error, its code path and all known details is as follows:
---------------------------------------------------------------------------------------

-- Head --
Thread: Client thread
Stacktrace:
	at net.minecraft.client.Minecraft.func_152340_a(Minecraft.java:780)
	at net.minecraft.client.Minecraft.func_175594_ao(Minecraft.java:628)
	at net.minecraft.client.Minecraft.func_71384_a(Minecraft.java:428)

-- Initialization --
Details:
Stacktrace:
	at net.minecraft.client.Minecraft.func_99999_d(Minecraft.java:351)
	at net.minecraft.client.main.Main.main(SourceFile:124)
	at sun.reflect.NativeMethodAccessorImpl.invoke0(Native Method)
	at sun.reflect.NativeMethodAccessorImpl.invoke(Unknown Source)
	at sun.reflect.DelegatingMethodAccessorImpl.invoke(Unknown Source)
	at java.lang.reflect.Method.invoke(Unknown Source)
	at net.minecraft.launchwrapper.Launch.launch(Launch.java:135)
	at net.minecraft.launchwrapper.Launch.main(Launch.java:28)
	at sun.reflect.NativeMethodAccessorImpl.invoke0(Native Method)
	at sun.reflect.NativeMethodAccessorImpl.invoke(Unknown Source)
	at sun.reflect.DelegatingMethodAccessorImpl.invoke(Unknown Source)
	at java.lang.reflect.Method.invoke(Unknown Source)
	at fr.theshark34.openlauncherlib.internal.InternalLauncher.launch(InternalLauncher.java:173)
	at fr.shiwanMc.LauncherServGroup.Launcher.launch(Launcher.java:128)
	at fr.shiwanMc.LauncherServGroup.LauncherPanel$1.run(LauncherPanel.java:125)

-- System Details --
Details:
	Minecraft Version: 1.10.2
	Operating System: Windows 10 (amd64) version 10.0
	Java Version: 1.8.0_161, Oracle Corporation
	Java VM Version: Java HotSpot(TM) 64-Bit Server VM (mixed mode), Oracle Corporation
	Memory: 440658408 bytes (420 MB) / 845152256 bytes (806 MB) up to 1883242496 bytes (1796 MB)
	JVM Flags: 0 total; 
	IntCache: cache: 0, tcache: 0, allocated: 0, tallocated: 0
	FML: 
	Loaded coremods (and transformers): 
	Launched Version: 1.10.2
	LWJGL: 2.9.4
	OpenGL: ~~ERROR~~ RuntimeException: No OpenGL context found in the current thread.
	GL Caps: 
	Using VBOs: Yes
	Is Modded: Definitely; Client brand changed to 'fml,forge'
	Type: Client (map_client.txt)
	Resource Packs: 
	Current Language: ~~ERROR~~ NullPointerException: null
	Profiler Position: N/A (disabled)
	CPU: <unknown>
[14:18:58] [Client thread/INFO] [STDOUT/]: [net.minecraft.init.Bootstrap:func_179870_a:560]: #@!@# Game crashed! Crash report saved to: #@!@# C:\Users\asus\AppData\Roaming\.SkyExpender\minecraft\crash-reports\crash-2018-08-31_14.18.58-client.txt
