[20:52:47] [Thread-3/DEBUG] [FML/]: Injecting tracing printstreams for STDOUT/STDERR.
[20:52:47] [Thread-3/INFO] [FML/]: Forge Mod Loader version 12.18.2.2125 for Minecraft 1.10.2 loading
[20:52:47] [Thread-3/INFO] [FML/]: Java is Java HotSpot(TM) 64-Bit Server VM, version 1.8.0_161, running on Windows 10:amd64:10.0, installed at C:\Program Files\Java\jre1.8.0_161
[20:52:47] [Thread-3/DEBUG] [FML/]: Java classpath at launch is C:\Program Files\Java\jre1.8.0_161\lib\resources.jar;C:\Program Files\Java\jre1.8.0_161\lib\rt.jar;C:\Program Files\Java\jre1.8.0_161\lib\jsse.jar;C:\Program Files\Java\jre1.8.0_161\lib\jce.jar;C:\Program Files\Java\jre1.8.0_161\lib\charsets.jar;C:\Program Files\Java\jre1.8.0_161\lib\jfr.jar;C:\Program Files\Java\jre1.8.0_161\lib\ext\access-bridge-64.jar;C:\Program Files\Java\jre1.8.0_161\lib\ext\cldrdata.jar;C:\Program Files\Java\jre1.8.0_161\lib\ext\dnsns.jar;C:\Program Files\Java\jre1.8.0_161\lib\ext\jaccess.jar;C:\Program Files\Java\jre1.8.0_161\lib\ext\jfxrt.jar;C:\Program Files\Java\jre1.8.0_161\lib\ext\localedata.jar;C:\Program Files\Java\jre1.8.0_161\lib\ext\nashorn.jar;C:\Program Files\Java\jre1.8.0_161\lib\ext\sunec.jar;C:\Program Files\Java\jre1.8.0_161\lib\ext\sunjce_provider.jar;C:\Program Files\Java\jre1.8.0_161\lib\ext\sunmscapi.jar;C:\Program Files\Java\jre1.8.0_161\lib\ext\sunpkcs11.jar;C:\Program Files\Java\jre1.8.0_161\lib\ext\zipfs.jar;C:\Users\asus\eclipse-workspace\LaucherServGroup\bin;C:\Users\asus\Documents\openauth-1.0.3-SNAPSHOT.jar;C:\Users\asus\Documents\s-update-3.1.0-BETA.jar;C:\Users\asus\Documents\gson-2.3.1-sources.jar;C:\Users\asus\Documents\swinger-1.0.0-BETA.jar;C:\Users\asus\Documents\openlauncherlib-3.0.4.jar
[20:52:47] [Thread-3/DEBUG] [FML/]: Java library path at launch is C:\Users\asus\AppData\Roaming\.Mon Pack\minecraft\natives
[20:52:47] [Thread-3/DEBUG] [FML/]: Enabling runtime deobfuscation
[20:52:47] [Thread-3/DEBUG] [FML/]: Instantiating coremod class FMLCorePlugin
[20:52:47] [Thread-3/DEBUG] [FML/]: Added access transformer class net.minecraftforge.fml.common.asm.transformers.AccessTransformer to enqueued access transformers
[20:52:47] [Thread-3/DEBUG] [FML/]: Enqueued coremod FMLCorePlugin
[20:52:47] [Thread-3/DEBUG] [FML/]: Instantiating coremod class FMLForgePlugin
[20:52:47] [Thread-3/DEBUG] [FML/]: Enqueued coremod FMLForgePlugin
[20:52:47] [Thread-3/DEBUG] [FML/]: All fundamental core mods are successfully located
[20:52:47] [Thread-3/DEBUG] [FML/]: Attempting to load commandline specified mods, relative to C:\Users\asus\AppData\Roaming\.Mon Pack\minecraft
[20:52:47] [Thread-3/DEBUG] [FML/]: Discovering coremods
[20:52:47] [Thread-3/INFO] [LaunchWrapper/]: Loading tweak class name net.minecraftforge.fml.common.launcher.FMLInjectionAndSortingTweaker
[20:52:47] [Thread-3/INFO] [LaunchWrapper/]: Loading tweak class name net.minecraftforge.fml.common.launcher.FMLDeobfTweaker
[20:52:47] [Thread-3/INFO] [LaunchWrapper/]: Calling tweak class net.minecraftforge.fml.common.launcher.FMLInjectionAndSortingTweaker
[20:52:47] [Thread-3/INFO] [LaunchWrapper/]: Calling tweak class net.minecraftforge.fml.common.launcher.FMLInjectionAndSortingTweaker
[20:52:47] [Thread-3/INFO] [LaunchWrapper/]: Calling tweak class net.minecraftforge.fml.relauncher.CoreModManager$FMLPluginWrapper
[20:52:47] [Thread-3/DEBUG] [FML/]: Injecting coremod FMLCorePlugin {net.minecraftforge.fml.relauncher.FMLCorePlugin} class transformers
[20:52:47] [Thread-3/TRACE] [FML/]: Registering transformer net.minecraftforge.fml.common.asm.transformers.BlamingTransformer
[20:52:47] [Thread-3/TRACE] [FML/]: Registering transformer net.minecraftforge.fml.common.asm.transformers.SideTransformer
[20:52:47] [Thread-3/TRACE] [FML/]: Registering transformer net.minecraftforge.fml.common.asm.transformers.EventSubscriptionTransformer
[20:52:47] [Thread-3/TRACE] [FML/]: Registering transformer net.minecraftforge.fml.common.asm.transformers.EventSubscriberTransformer
[20:52:47] [Thread-3/DEBUG] [FML/]: Injection complete
[20:52:47] [Thread-3/DEBUG] [FML/]: Running coremod plugin for FMLCorePlugin {net.minecraftforge.fml.relauncher.FMLCorePlugin}
[20:52:47] [Thread-3/DEBUG] [FML/]: Running coremod plugin FMLCorePlugin
[20:52:48] [Thread-3/DEBUG] [FML/]: Read 902 binary patches
[20:52:48] [Thread-3/DEBUG] [FML/]: Loading deobfuscation resource /deobfuscation_data-1.10.2.lzma with 32371 records
[20:52:49] [Thread-3/INFO] [FML/]: Found valid fingerprint for Minecraft Forge. Certificate fingerprint e3c3d50c7c986df74c645c0ac54639741c90a557
[20:52:49] [Thread-3/INFO] [FML/]: Found valid fingerprint for Minecraft. Certificate fingerprint cd99959656f753dc28d863b46769f7f8fbaefcfc
[20:52:49] [Thread-3/DEBUG] [FML/]: Coremod plugin class FMLCorePlugin run successfully
[20:52:49] [Thread-3/INFO] [LaunchWrapper/]: Calling tweak class net.minecraftforge.fml.relauncher.CoreModManager$FMLPluginWrapper
[20:52:49] [Thread-3/DEBUG] [FML/]: Injecting coremod FMLForgePlugin {net.minecraftforge.classloading.FMLForgePlugin} class transformers
[20:52:49] [Thread-3/DEBUG] [FML/]: Injection complete
[20:52:49] [Thread-3/DEBUG] [FML/]: Running coremod plugin for FMLForgePlugin {net.minecraftforge.classloading.FMLForgePlugin}
[20:52:49] [Thread-3/DEBUG] [FML/]: Running coremod plugin FMLForgePlugin
[20:52:49] [Thread-3/DEBUG] [FML/]: Coremod plugin class FMLForgePlugin run successfully
[20:52:49] [Thread-3/INFO] [LaunchWrapper/]: Calling tweak class net.minecraftforge.fml.common.launcher.FMLDeobfTweaker
[20:52:49] [Thread-3/DEBUG] [FML/]: Loaded 195 rules from AccessTransformer config file forge_at.cfg
[20:52:49] [Thread-3/DEBUG] [FML/]: Validating minecraft
[20:52:50] [Thread-3/DEBUG] [FML/]: Minecraft validated, launching...
[20:52:50] [Thread-3/INFO] [LaunchWrapper/]: Loading tweak class name net.minecraftforge.fml.common.launcher.TerminalTweaker
[20:52:50] [Thread-3/INFO] [LaunchWrapper/]: Calling tweak class net.minecraftforge.fml.common.launcher.TerminalTweaker
[20:52:50] [Thread-3/INFO] [LaunchWrapper/]: Launching wrapped minecraft {net.minecraft.client.main.Main}
[20:52:50] [Thread-3/ERROR] [LaunchWrapper/]: Unable to launch
java.lang.reflect.InvocationTargetException
	at sun.reflect.NativeMethodAccessorImpl.invoke0(Native Method) ~[?:1.8.0_161]
	at sun.reflect.NativeMethodAccessorImpl.invoke(Unknown Source) ~[?:1.8.0_161]
	at sun.reflect.DelegatingMethodAccessorImpl.invoke(Unknown Source) ~[?:1.8.0_161]
	at java.lang.reflect.Method.invoke(Unknown Source) ~[?:1.8.0_161]
	at net.minecraft.launchwrapper.Launch.launch(Launch.java:135) [launchwrapper-1.12.jar:?]
	at net.minecraft.launchwrapper.Launch.main(Launch.java:28) [launchwrapper-1.12.jar:?]
	at sun.reflect.NativeMethodAccessorImpl.invoke0(Native Method) ~[?:1.8.0_161]
	at sun.reflect.NativeMethodAccessorImpl.invoke(Unknown Source) ~[?:1.8.0_161]
	at sun.reflect.DelegatingMethodAccessorImpl.invoke(Unknown Source) ~[?:1.8.0_161]
	at java.lang.reflect.Method.invoke(Unknown Source) ~[?:1.8.0_161]
	at fr.theshark34.openlauncherlib.internal.InternalLauncher.launch(InternalLauncher.java:173) [openlauncherlib-3.0.4.jar:?]
	at fr.shiwanMc.LauncherServGroup.Launcher.launch(Launcher.java:84) [bin/:?]
	at fr.shiwanMc.LauncherServGroup.LauncherPanel$1.run(LauncherPanel.java:126) [bin/:?]
Caused by: java.lang.UnsatisfiedLinkError: no lwjgl in java.library.path
	at java.lang.ClassLoader.loadLibrary(Unknown Source) ~[?:1.8.0_161]
	at java.lang.Runtime.loadLibrary0(Unknown Source) ~[?:1.8.0_161]
	at java.lang.System.loadLibrary(Unknown Source) ~[?:1.8.0_161]
	at org.lwjgl.Sys$1.run(Sys.java:73) ~[lwjgl-2.9.1.jar:?]
	at java.security.AccessController.doPrivileged(Native Method) ~[?:1.8.0_161]
	at org.lwjgl.Sys.doLoadLibrary(Sys.java:66) ~[lwjgl-2.9.1.jar:?]
	at org.lwjgl.Sys.loadLibrary(Sys.java:95) ~[lwjgl-2.9.1.jar:?]
	at org.lwjgl.Sys.<clinit>(Sys.java:112) ~[lwjgl-2.9.1.jar:?]
	at net.minecraft.client.Minecraft.func_71386_F(Minecraft.java:2890) ~[bcx.class:?]
	at net.minecraft.client.main.Main.main(SourceFile:39) ~[Main.class:?]
	... 13 more
